which: no hadoop in (/opt/mvapich2/intel/ib/bin:/opt/intel/2018.1.163/compilers_and_libraries_2018.1.163/linux/bin/intel64:/usr/lib64/qt-3.3/bin:/usr/local/bin:/bin:/usr/bin:/usr/bin:/usr/local/sbin:/usr/sbin:/opt/sdsc/bin:/opt/sdsc/sbin:/opt/ibutils/bin:/opt/pdsh/bin:/opt/rocks/bin:/opt/rocks/sbin:/home/mxv6938/bin)
20/04/12 16:06:48 INFO pig.ExecTypeProvider: Trying ExecType : LOCAL
20/04/12 16:06:48 INFO pig.ExecTypeProvider: Picked LOCAL as the ExecType
2020-04-12 16:06:48,069 [main] INFO  org.apache.pig.Main - Apache Pig version 0.16.0 (r1746530) compiled Jun 01 2016, 23:09:59
2020-04-12 16:06:48,069 [main] INFO  org.apache.pig.Main - Logging error messages to: /home/mxv6938/project6/pig_1586732808066.log
2020-04-12 16:06:48,261 [main] INFO  org.apache.pig.impl.util.Utils - Default bootup file /home/mxv6938/.pigbootup not found
2020-04-12 16:06:48,424 [main] INFO  org.apache.pig.backend.hadoop.executionengine.HExecutionEngine - Connecting to hadoop file system at: file:///
2020-04-12 16:06:48,453 [main] INFO  org.apache.pig.PigServer - Pig Script ID for the session: 
2020-04-12 16:06:48,453 [main] WARN  org.apache.pig.PigServer - ATS is disabled since yarn.timeline-service.enabled set to false
2020-04-12 16:06:49,217 [main] INFO  org.apache.pig.tools.pigstats.ScriptState - Pig features used in the script: GROUP_BY,ORDER_BY,UNION
2020-04-12 16:06:49,384 [main] INFO  org.apache.pig.newplan.logical.optimizer.LogicalPlanOptimizer - {RULES_ENABLED=[AddForEach, ColumnMapKeyPrune, ConstantCalculator, GroupByConstParallelSetter, LimitOptimizer, LoadTypeCastInserter, MergeFilter, MergeForEach, PartitionFilterOptimizer, PredicatePushdownOptimizer, PushDownForEachFlatten, PushUpFilter, SplitFilter, StreamTypeCastInserter]}
2020-04-12 16:06:49,469 [main] INFO  org.apache.pig.impl.util.SpillableMemoryManager - Selected heap (Tenured Gen) of size 699072512 to monitor. collectionUsageThreshold = 489350752, usageThreshold = 489350752
2020-04-12 16:06:49,492 [main] WARN  org.apache.hadoop.util.NativeCodeLoader - Unable to load native-hadoop library for your platform... using builtin-java classes where applicable
2020-04-12 16:06:49,518 [main] INFO  org.apache.pig.backend.hadoop.executionengine.mapReduceLayer.MRCompiler - File concatenation threshold: 100 optimistic? false
2020-04-12 16:06:49,550 [main] INFO  org.apache.pig.backend.hadoop.executionengine.util.CombinerOptimizerUtil - Choosing to move algebraic foreach to combiner
2020-04-12 16:06:49,562 [main] INFO  org.apache.pig.backend.hadoop.executionengine.util.CombinerOptimizerUtil - Choosing to move algebraic foreach to combiner
2020-04-12 16:06:49,564 [main] INFO  org.apache.pig.backend.hadoop.executionengine.util.CombinerOptimizerUtil - Choosing to move algebraic foreach to combiner
2020-04-12 16:06:49,576 [main] INFO  org.apache.pig.backend.hadoop.executionengine.mapReduceLayer.SecondaryKeyOptimizerMR - Using Secondary Key Optimization for MapReduce node scope-79
2020-04-12 16:06:49,594 [main] INFO  org.apache.pig.backend.hadoop.executionengine.mapReduceLayer.MultiQueryOptimizer - MR plan size before optimization: 7
2020-04-12 16:06:49,595 [main] INFO  org.apache.pig.backend.hadoop.executionengine.mapReduceLayer.MultiQueryOptimizer - Merged MR job 65 into MR job 62
2020-04-12 16:06:49,595 [main] INFO  org.apache.pig.backend.hadoop.executionengine.mapReduceLayer.MultiQueryOptimizer - Merged MR job 67 into MR job 62
2020-04-12 16:06:49,595 [main] INFO  org.apache.pig.backend.hadoop.executionengine.mapReduceLayer.MultiQueryOptimizer - Merged MR job 69 into MR job 62
2020-04-12 16:06:49,595 [main] INFO  org.apache.pig.backend.hadoop.executionengine.mapReduceLayer.MultiQueryOptimizer - Requested parallelism of splitter: -1
2020-04-12 16:06:49,596 [main] INFO  org.apache.pig.backend.hadoop.executionengine.mapReduceLayer.MultiQueryOptimizer - Merged 3 map-reduce splittees.
2020-04-12 16:06:49,596 [main] INFO  org.apache.pig.backend.hadoop.executionengine.mapReduceLayer.MultiQueryOptimizer - Merged 3 out of total 4 MR operators.
2020-04-12 16:06:49,596 [main] INFO  org.apache.pig.backend.hadoop.executionengine.mapReduceLayer.MultiQueryOptimizer - MR plan size after optimization: 4
2020-04-12 16:06:49,664 [main] INFO  org.apache.pig.tools.pigstats.mapreduce.MRScriptState - Pig script settings are added to the job
2020-04-12 16:06:49,691 [main] INFO  org.apache.pig.backend.hadoop.executionengine.mapReduceLayer.JobControlCompiler - mapred.job.reduce.markreset.buffer.percent is not set, set to default 0.3
2020-04-12 16:06:49,692 [main] INFO  org.apache.pig.backend.hadoop.executionengine.mapReduceLayer.JobControlCompiler - Reduce phase detected, estimating # of required reducers.
2020-04-12 16:06:49,693 [main] INFO  org.apache.pig.backend.hadoop.executionengine.mapReduceLayer.JobControlCompiler - Using reducer estimator: org.apache.pig.backend.hadoop.executionengine.mapReduceLayer.InputSizeReducerEstimator
2020-04-12 16:06:49,695 [main] INFO  org.apache.pig.backend.hadoop.executionengine.mapReduceLayer.InputSizeReducerEstimator - BytesPerReducer=1000000000 maxReducers=999 totalInputFileSize=1062
2020-04-12 16:06:49,696 [main] INFO  org.apache.pig.backend.hadoop.executionengine.mapReduceLayer.JobControlCompiler - Setting Parallelism to 1
2020-04-12 16:06:49,732 [main] INFO  org.apache.pig.backend.hadoop.executionengine.mapReduceLayer.JobControlCompiler - Setting up multi store job
2020-04-12 16:06:49,738 [main] INFO  org.apache.pig.data.SchemaTupleFrontend - Key [pig.schematuple] is false, will not generate code.
2020-04-12 16:06:49,738 [main] INFO  org.apache.pig.data.SchemaTupleFrontend - Starting process to move generated code to distributed cacche
2020-04-12 16:06:49,738 [main] INFO  org.apache.pig.data.SchemaTupleFrontend - Distributed cache not supported or needed in local mode. Setting key [pig.schematuple.local.dir] with code temp directory: /tmp/1586732809737-0
2020-04-12 16:06:49,894 [main] INFO  org.apache.pig.backend.hadoop.executionengine.mapReduceLayer.MapReduceLauncher - 1 map-reduce job(s) waiting for submission.
2020-04-12 16:06:49,921 [JobControl] WARN  org.apache.hadoop.mapred.JobClient - No job jar file set.  User classes may not be found. See JobConf(Class) or JobConf#setJar(String).
2020-04-12 16:06:49,973 [JobControl] INFO  org.apache.pig.builtin.PigStorage - Using PigTextInputFormat
2020-04-12 16:06:49,974 [JobControl] INFO  org.apache.hadoop.mapreduce.lib.input.FileInputFormat - Total input paths to process : 1
2020-04-12 16:06:49,975 [JobControl] INFO  org.apache.pig.backend.hadoop.executionengine.util.MapRedUtil - Total input paths to process : 1
2020-04-12 16:06:49,988 [JobControl] WARN  org.apache.hadoop.io.compress.snappy.LoadSnappy - Snappy native library is available
2020-04-12 16:06:49,988 [JobControl] WARN  org.apache.hadoop.io.compress.snappy.LoadSnappy - Snappy native library not loaded
2020-04-12 16:06:49,991 [JobControl] INFO  org.apache.pig.backend.hadoop.executionengine.util.MapRedUtil - Total input paths (combined) to process : 1
g.apache.pig.backend.hadoop.executionengine.mapReduceLayer.MultiQueryOptimizer - Merged MR job 65 into MR job 62
2020-04-12 16:06:47,900 [main] INFO  org.apache.pig.backend.hadoop.executionengine.mapReduceLayer.MultiQueryOptimizer - Merged MR job 67 into MR job 62
2020-04-12 16:06:47,900 [main] INFO  org.apache.pig.backend.hadoop.executionengine.mapReduceLayer.MultiQueryOptimizer - Merged MR job 69 into MR job 62
2020-04-12 16:06:47,900 [main] INFO  org.apache.pig.backend.hadoop.executionengine.mapReduceLayer.MultiQueryOptimizer - Requested parallelism of splitter: -1
2020-04-12 16:06:47,901 [main] INFO  org.apache.pig.backend.hadoop.executionengine.mapReduceLayer.MultiQueryOptimizer - Merged 3 map-reduce splittees.
2020-04-12 16:06:47,901 [main] INFO  org.apache.pig.backend.hadoop.executionengine.mapReduceLayer.MultiQueryOptimizer - Merged 3 out of total 4 MR operators.
2020-04-12 16:06:47,901 [main] INFO  org.apache.pig.backend.hadoop.executionengine.mapReduceLayer.MultiQueryOptimizer - MR plan size after optimization: 4
2020-04-12 16:06:47,969 [main] INFO  org.apache.pig.tools.pigstats.mapreduce.MRScriptState - Pig script settings are added to the job
2020-04-12 16:06:47,976 [main] INFO  org.apache.pig.tools.pigstats.mapreduce.MRScriptState - Pig script settings are added to the job
2020-04-12 16:06:47,988 [main] INFO  org.apache.pig.backend.hadoop.executionengine.mapReduceLayer.JobControlCompiler - mapred.job.reduce.markreset.buffer.percent is not set, set to default 0.3
2020-04-12 16:06:47,989 [main] INFO  org.apache.pig.backend.hadoop.executionengine.mapReduceLayer.JobControlCompiler - mapred.job.reduce.markreset.buffer.percent is not set, set to default 0.3
2020-04-12 16:06:47,990 [main] INFO  org.apache.pig.backend.hadoop.executionengine.mapReduceLayer.JobControlCompiler - Reduce phase detected, estimating # of required reducers.
2020-04-12 16:06:47,990 [main] INFO  org.apache.pig.backend.hadoop.executionengine.mapReduceLayer.JobControlCompiler - Reduce phase detected, estimating # of required reducers.
2020-04-12 16:06:47,990 [main] INFO  org.apache.pig.backend.hadoop.executionengine.mapReduceLayer.JobControlCompiler - Using reducer estimator: org.apache.pig.backend.hadoop.executionengine.mapReduceLayer.InputSizeReducerEstimator
2020-04-12 16:06:47,991 [main] INFO  org.apache.pig.backend.hadoop.executionengine.mapReduceLayer.JobControlCompiler - Using reducer estimator: org.apache.pig.backend.hadoop.executionengine.mapReduceLayer.InputSizeReducerEstimator
2020-04-12 16:06:47,995 [main] INFO  org.apache.pig.backend.hadoop.executionengine.mapReduceLayer.InputSizeReducerEstimator - BytesPerReducer=1000000000 maxReducers=999 totalInputFileSize=1062
2020-04-12 16:06:47,995 [main] INFO  org.apache.pig.backend.hadoop.executionengine.mapReduceLayer.InputSizeReducerEstimator - BytesPerReducer=1000000000 maxReducers=999 totalInputFileSize=1062
2020-04-12 16:06:47,995 [main] INFO  org.apache.pig.backend.hadoop.executionengine.mapReduceLayer.JobControlCompiler - Setting Parallelism to 1
2020-04-12 16:06:47,995 [main] INFO  org.apache.pig.backend.hadoop.executionengine.mapReduceLayer.JobControlCompiler - Setting Parallelism to 1
2020-04-12 16:06:48,006 [main] INFO  org.apache.pig.backend.hadoop.executionengine.mapReduceLayer.JobControlCompiler - Setting up multi store job
2020-04-12 16:06:48,009 [main] INFO  org.apache.pig.data.SchemaTupleFrontend - Key [pig.schematuple] is false, will not generate code.
2020-04-12 16:06:48,009 [main] INFO  org.apache.pig.data.SchemaTupleFrontend - Starting process to move generated code to distributed cacche
2020-04-12 16:06:48,009 [main] INFO  org.apache.pig.data.SchemaTupleFrontend - Distributed cache not supported or needed in local mode. Setting key [pig.schematuple.local.dir] with code temp directory: /tmp/1586732808009-0
2020-04-12 16:06:48,012 [main] INFO  org.apache.pig.backend.hadoop.executionengine.mapReduceLayer.JobControlCompiler - Setting up multi store job
2020-04-12 16:06:48,030 [main] INFO  org.apache.pig.data.SchemaTupleFrontend - Key [pig.schematuple] is false, will not generate code.
2020-04-12 16:06:48,030 [main] INFO  org.apache.pig.data.SchemaTupleFrontend - Starting process to move generated code to distributed cacche
2020-04-12 16:06:48,030 [main] INFO  org.apache.pig.data.SchemaTupleFrontend - Distributed cache not supported or needed in local mode. Setting key [pig.schematuple.local.dir] with code temp directory: /tmp/1586732808030-0
2020-04-12 16:06:48,157 [main] INFO  org.apache.pig.backend.hadoop.executionengine.mapReduceLayer.MapReduceLauncher - 1 map-reduce job(s) waiting for submission.
2020-04-12 16:06:48,173 [main] INFO  org.apache.pig.backend.hadoop.executionengine.mapReduceLayer.MapReduceLauncher - 1 map-reduce job(s) waiting for submission.
2020-04-12 16:06:48,181 [JobControl] WARN  org.apache.hadoop.mapred.JobClient - No job jar file set.  User classes may not be found. See JobConf(Class) or JobConf#setJar(String).
2020-04-12 16:06:48,199 [JobControl] WARN  org.apache.hadoop.mapred.JobClient - No job jar file set.  User classes may not be found. See JobConf(Class) or JobConf#setJar(String).
2020-04-12 16:06:48,230 [JobControl] INFO  org.apache.pig.builtin.PigStorage - Using PigTextInputFormat
2020-04-12 16:06:48,232 [JobControl] INFO  org.apache.hadoop.mapreduce.lib.input.FileInputFormat - Total input paths to process : 1
2020-04-12 16:06:48,232 [JobControl] INFO  org.apache.pig.backend.hadoop.executionengine.util.MapRedUtil - Total input paths to process : 1
2020-04-12 16:06:48,234 [JobControl] INFO  org.apache.pig.builtin.PigStorage - Using PigTextInputFormat
2020-04-12 16:06:48,237 [JobControl] WARN  org.apache.hadoop.io.compress.snappy.LoadSnappy - Snappy native library is available
2020-04-12 16:06:48,237 [JobControl] WARN  org.apache.hadoop.io.compress.snappy.LoadSnappy - Snappy native library not loaded
2020-04-12 16:06:48,238 [JobControl] INFO  org.apache.hadoop.mapreduce.lib.input.FileInputFormat - Total input paths to process : 1
2020-04-12 16:06:48,238 [JobControl] INFO  org.apache.pig.backend.hadoop.executionengine.util.MapRedUtil - Total input paths to process : 1
2020-04-12 16:06:48,243 [JobControl] WARN  org.apache.hadoop.io.compress.snappy.LoadSnappy - Snappy native library is available
2020-04-12 16:06:48,243 [JobControl] WARN  org.apache.hadoop.io.compress.snappy.LoadSnappy - Snappy native library not loaded
2020-04-12 16:06:48,245 [JobControl] INFO  org.apache.pig.backend.hadoop.executionengine.util.MapRedUtil - Total input paths (combined) to process : 1
2020-04-12 16:06:48,251 [JobControl] INFO  org.apache.pig.backend.hadoop.executionengine.util.MapRedUtil - Total input paths (combined) to process : 1
2020-04-12 16:06:48,532 [Thread-3] INFO  org.apache.hadoop.util.ProcessTree - setsid exited with exit code 0
2020-04-12 16:06:48,539 [Thread-3] INFO  org.apache.hadoop.mapred.Task -  Using ResourceCalculatorPlugin : org.apache.hadoop.util.LinuxResourceCalculatorPlugin@75a6e8d9
2020-04-12 16:06:48,542 [Thread-3] INFO  org.apache.hadoop.util.ProcessTree - setsid exited with exit code 0
2020-04-12 16:06:48,545 [Thread-3] INFO  org.apache.pig.builtin.PigStorage - Using PigTextInputFormat
2020-04-12 16:06:48,556 [Thread-3] INFO  org.apache.pig.backend.hadoop.executionengine.mapReduceLayer.PigRecordReader - Current split being processed file:/home/mxv6938/project6/pixels-small.txt:0+1062
2020-04-12 16:06:48,563 [Thread-3] INFO  org.apache.hadoop.mapred.MapTask - io.sort.mb = 100
2020-04-12 16:06:48,568 [Thread-3] INFO  org.apache.hadoop.mapred.Task -  Using ResourceCalculatorPlugin : org.apache.hadoop.util.LinuxResourceCalculatorPlugin@810e609
2020-04-12 16:06:48,589 [Thread-3] INFO  org.apache.pig.builtin.PigStorage - Using PigTextInputFormat
2020-04-12 16:06:48,590 [Thread-3] INFO  org.apache.pig.backend.hadoop.executionengine.mapReduceLayer.PigRecordReader - Current split being processed file:/home/mxv6938/project6/pixels-small.txt:0+1062
2020-04-12 16:06:48,595 [Thread-3] INFO  org.apache.hadoop.mapred.MapTask - io.sort.mb = 100
2020-04-12 16:06:48,638 [Thread-3] INFO  org.apache.hadoop.mapred.MapTask - data buffer = 79691776/99614720
2020-04-12 16:06:48,639 [Thread-3] INFO  org.apache.hadoop.mapred.MapTask - record buffer = 262144/327680
2020-04-12 16:06:48,653 [Thread-3] INFO  org.apache.pig.impl.util.SpillableMemoryManager - Selected heap (Tenured Gen) of size 699072512 to monitor. collectionUsageThreshold = 489350752, usageThreshold = 489350752
2020-04-12 16:06:48,654 [Thread-3] INFO  org.apache.pig.data.SchemaTupleBackend - Key [pig.schematuple] was not set... will not generate code.
2020-04-12 16:06:48,658 [main] INFO  org.apache.pig.backend.hadoop.executionengine.mapReduceLayer.MapReduceLauncher - HadoopJobId: job_local_0001
2020-04-12 16:06:48,658 [main] INFO  org.apache.pig.backend.hadoop.executionengine.mapReduceLayer.MapReduceLauncher - Processing aliases Histogram,group_blue,group_green,group_red,o_blue,o_green,o_red
2020-04-12 16:06:48,658 [main] INFO  org.apache.pig.backend.hadoop.executionengine.mapReduceLayer.MapReduceLauncher - detailed locations: M: Histogram[1,12],Histogram[-1,-1],o_red[5,8],group_red[2,12],o_green[6,10],group_green[3,14],o_blue[7,9],group_blue[4,13] C: o_red[5,8],group_red[2,12],o_green[6,10],group_green[3,14],o_blue[7,9],group_blue[4,13] R: o_red[5,8],o_green[6,10],o_blue[7,9]
2020-04-12 16:06:48,676 [main] INFO  org.apache.pig.backend.hadoop.executionengine.mapReduceLayer.MapReduceLauncher - HadoopJobId: job_local_0001
2020-04-12 16:06:48,676 [main] INFO  org.apache.pig.backend.hadoop.executionengine.mapReduceLayer.MapReduceLauncher - Processing aliases Histogram,group_blue,group_green,group_red,o_blue,o_green,o_red
2020-04-12 16:06:48,676 [main] INFO  org.apache.pig.backend.hadoop.executionengine.mapReduceLayer.MapReduceLauncher - detailed locations: M: Histogram[1,12],Histogram[-1,-1],o_red[5,8],group_red[2,12],o_green[6,10],group_green[3,14],o_blue[7,9],group_blue[4,13] C: o_red[5,8],group_red[2,12],o_green[6,10],group_green[3,14],o_blue[7,9],group_blue[4,13] R: o_red[5,8],o_green[6,10],o_blue[7,9]
2020-04-12 16:06:48,678 [main] INFO  org.apache.pig.backend.hadoop.executionengine.mapReduceLayer.MapReduceLauncher - 0% complete
2020-04-12 16:06:48,678 [main] INFO  org.apache.pig.backend.hadoop.executionengine.mapReduceLayer.MapReduceLauncher - Running jobs are [job_local_0001]
2020-04-12 16:06:48,679 [main] INFO  org.apache.pig.backend.hadoop.executionengine.mapReduceLayer.MapReduceLauncher - 0% complete
2020-04-12 16:06:48,680 [main] INFO  org.apache.pig.backend.hadoop.executionengine.mapReduceLayer.MapReduceLauncher - Running jobs are [job_local_0001]
2020-04-12 16:06:48,681 [Thread-3] INFO  org.apache.hadoop.mapred.MapTask - data buffer = 79691776/99614720
2020-04-12 16:06:48,681 [Thread-3] INFO  org.apache.hadoop.mapred.MapTask - record buffer = 262144/327680
2020-04-12 16:06:48,685 [Thread-3] INFO  org.apache.pig.backend.hadoop.executionengine.mapReduceLayer.PigGenericMapReduce$Map - Aliases being processed per job phase (AliasName[line,offset]): M: Histogram[1,12],Histogram[-1,-1],o_red[5,8],group_red[2,12],o_green[6,10],group_green[3,14],o_blue[7,9],group_blue[4,13] C: o_red[5,8],group_red[2,12],o_green[6,10],group_green[3,14],o_blue[7,9],group_blue[4,13] R: o_red[5,8],o_green[6,10],o_blue[7,9]
2020-04-12 16:06:48,697 [Thread-3] INFO  org.apache.pig.impl.util.SpillableMemoryManager - Selected heap (Tenured Gen) of size 699072512 to monitor. collectionUsageThreshold = 489350752, usageThreshold = 489350752
2020-04-12 16:06:48,698 [Thread-3] INFO  org.apache.pig.data.SchemaTupleBackend - Key [pig.schematuple] was not set... will not generate code.
2020-04-12 16:06:48,735 [Thread-3] INFO  org.apache.pig.backend.hadoop.executionengine.mapReduceLayer.PigGenericMapReduce$Map - Aliases being processed per job phase (AliasName[line,offset]): M: Histogram[1,12],Histogram[-1,-1],o_red[5,8],group_red[2,12],o_green[6,10],group_green[3,14],o_blue[7,9],group_blue[4,13] C: o_red[5,8],group_red[2,12],o_green[6,10],group_green[3,14],o_blue[7,9],group_blue[4,13] R: o_red[5,8],o_green[6,10],o_blue[7,9]
2020-04-12 16:06:48,753 [Thread-3] INFO  org.apache.hadoop.mapred.MapTask - Starting flush of map output
2020-04-12 16:06:48,808 [Thread-3] INFO  org.apache.hadoop.mapred.MapTask - Starting flush of map output
2020-04-12 16:06:48,811 [Thread-3] INFO  org.apache.pig.backend.hadoop.executionengine.mapReduceLayer.PigCombiner$Combine - Aliases being processed per job phase (AliasName[line,offset]): M: Histogram[1,12],Histogram[-1,-1],o_red[5,8],group_red[2,12],o_green[6,10],group_green[3,14],o_blue[7,9],group_blue[4,13] C: o_red[5,8],group_red[2,12],o_green[6,10],group_green[3,14],o_blue[7,9],group_blue[4,13] R: o_red[5,8],o_green[6,10],o_blue[7,9]
2020-04-12 16:06:48,843 [Thread-3] INFO  org.apache.pig.backend.hadoop.executionengine.mapReduceLayer.PigCombiner$Combine - Aliases being processed per job phase (AliasName[line,offset]): M: Histogram[1,12],Histogram[-1,-1],o_red[5,8],group_red[2,12],o_green[6,10],group_green[3,14],o_blue[7,9],group_blue[4,13] C: o_red[5,8],group_red[2,12],o_green[6,10],group_green[3,14],o_blue[7,9],group_blue[4,13] R: o_red[5,8],o_green[6,10],o_blue[7,9]
2020-04-12 16:06:48,855 [Thread-3] INFO  org.apache.hadoop.mapred.MapTask - Finished spill 0
2020-04-12 16:06:48,868 [Thread-3] INFO  org.apache.hadoop.mapred.Task - Task:attempt_local_0001_m_000000_0 is done. And is in the process of commiting
2020-04-12 16:06:48,909 [Thread-3] INFO  org.apache.hadoop.mapred.MapTask - Finished spill 0
2020-04-12 16:06:48,914 [Thread-3] WARN  org.apache.hadoop.mapred.LocalJobRunner - job_local_0001
org.apache.hadoop.util.DiskChecker$DiskErrorException: Could not find output/spill0.out in any of the configured local directories
	at org.apache.hadoop.fs.LocalDirAllocator$AllocatorPerContext.getLocalPathToRead(LocalDirAllocator.java:429)
	at org.apache.hadoop.fs.LocalDirAllocator.getLocalPathToRead(LocalDirAllocator.java:160)
	at org.apache.hadoop.mapred.MapOutputFile.getSpillFile(MapOutputFile.java:107)
	at org.apache.hadoop.mapred.MapTask$MapOutputBuffer.mergeParts(MapTask.java:1614)
	at org.apache.hadoop.mapred.MapTask$MapOutputBuffer.flush(MapTask.java:1323)
	at org.apache.hadoop.mapred.MapTask$NewOutputCollector.close(MapTask.java:699)
	at org.apache.hadoop.mapred.MapTask.runNewMapper(MapTask.java:766)
	at org.apache.hadoop.mapred.MapTask.run(MapTask.java:370)
	at org.apache.hadoop.mapred.LocalJobRunner$Job.run(LocalJobRunner.java:212)
2020-04-12 16:06:49,182 [main] WARN  org.apache.pig.backend.hadoop.executionengine.mapReduceLayer.MapReduceLauncher - Ooops! Some job has failed! Specify -stop_on_failure if you want Pig to stop immediately on failure.
2020-04-12 16:06:49,182 [main] INFO  org.apache.pig.backend.hadoop.executionengine.mapReduceLayer.MapReduceLauncher - job job_local_0001 has failed! Stop running all dependent jobs
2020-04-12 16:06:49,182 [main] INFO  org.apache.pig.backend.hadoop.executionengine.mapReduceLayer.MapReduceLauncher - 100% complete
2020-04-12 16:06:49,183 [main] ERROR org.apache.pig.tools.pigstats.mapreduce.MRPigStatsUtil - 1 map reduce job(s) failed!
2020-04-12 16:06:49,184 [main] INFO  org.apache.pig.tools.pigstats.mapreduce.SimplePigStats - Script Statistics: 

HadoopVersion	PigVersion	UserId	StartedAt	FinishedAt	Features
1.0.4	0.16.0	mxv6938	2020-04-12 16:06:47	2020-04-12 16:06:49	GROUP_BY,ORDER_BY,UNION

Failed!

Failed Jobs:
JobId	Alias	Feature	Message	Outputs
job_local_0001	Histogram,group_blue,group_green,group_red,o_blue,o_green,o_red	MULTI_QUERY,COMBINER	Message: Job failed! Error - NA	

Input(s):
Failed to read data from "file:///home/mxv6938/project6/pixels-small.txt"

Output(s):

Counters:
Total records written : 0
Total bytes written : 0
Spillable Memory Manager spill count : 0
Total bags proactively spilled: 0
Total records proactively spilled: 0

Job DAG:
job_local_0001	->	null,
null	->	null,
null	->	null,
null


2020-04-12 16:06:49,184 [main] INFO  org.apache.pig.backend.hadoop.executionengine.mapReduceLayer.MapReduceLauncher - Failed!
2020-04-12 16:06:49,194 [main] ERROR org.apache.pig.tools.grunt.GruntParser - ERROR 2244: Job job_local_0001 failed, hadoop does not return any error message
Details at logfile: /home/mxv6938/project6/pig_1586732806562.log
2020-04-12 16:06:49,207 [main] ERROR org.apache.pig.tools.grunt.GruntParser - ERROR 2244: Job failed, hadoop does not return any error message
Details at logfile: /home/mxv6938/project6/pig_1586732806562.log
2020-04-12 16:06:49,208 [main] ERROR org.apache.pig.tools.grunt.GruntParser - ERROR 2244: Job failed, hadoop does not return any error message
Details at logfile: /home/mxv6938/project6/pig_1586732806562.log
2020-04-12 16:06:49,211 [main] ERROR org.apache.pig.tools.grunt.GruntParser - ERROR 2244: Job failed, hadoop does not return any error message
Details at logfile: /home/mxv6938/project6/pig_1586732806562.log
2020-04-12 16:06:49,225 [main] INFO  org.apache.pig.Main - Pig script completed in 2 seconds and 950 milliseconds (2950 ms)
2020-04-12 16:06:51,506 [Thread-3] INFO  org.apache.hadoop.mapred.LocalJobRunner - 
2020-04-12 16:06:51,507 [Thread-3] INFO  org.apache.hadoop.mapred.Task - Task 'attempt_local_0001_m_000000_0' done.
2020-04-12 16:06:51,515 [Thread-3] INFO  org.apache.hadoop.mapred.Task -  Using ResourceCalculatorPlugin : org.apache.hadoop.util.LinuxResourceCalculatorPlugin@6bc05d14
2020-04-12 16:06:51,515 [Thread-3] INFO  org.apache.hadoop.mapred.LocalJobRunner - 
2020-04-12 16:06:51,517 [Thread-3] INFO  org.apache.hadoop.mapred.Merger - Merging 1 sorted segments
2020-04-12 16:06:51,535 [Thread-3] INFO  org.apache.hadoop.mapred.Merger - Down to the last merge-pass, with 1 segments left of total size: 4424 bytes
2020-04-12 16:06:51,535 [Thread-3] INFO  org.apache.hadoop.mapred.LocalJobRunner - 
2020-04-12 16:06:51,539 [Thread-3] INFO  org.apache.pig.impl.util.SpillableMemoryManager - Selected heap (Tenured Gen) of size 699072512 to monitor. collectionUsageThreshold = 489350752, usageThreshold = 489350752
2020-04-12 16:06:51,539 [Thread-3] WARN  org.apache.pig.data.SchemaTupleBackend - SchemaTupleBackend has already been initialized
2020-04-12 16:06:51,554 [Thread-3] INFO  org.apache.pig.backend.hadoop.executionengine.mapReduceLayer.PigMapReduce$Reduce - Aliases being processed per job phase (AliasName[line,offset]): M: Histogram[1,12],Histogram[-1,-1],o_red[5,8],group_red[2,12],o_green[6,10],group_green[3,14],o_blue[7,9],group_blue[4,13] C: o_red[5,8],group_red[2,12],o_green[6,10],group_green[3,14],o_blue[7,9],group_blue[4,13] R: o_red[5,8],o_green[6,10],o_blue[7,9]
2020-04-12 16:06:51,615 [Thread-3] INFO  org.apache.hadoop.mapred.Task - Task:attempt_local_0001_r_000000_0 is done. And is in the process of commiting
2020-04-12 16:06:51,616 [Thread-3] INFO  org.apache.hadoop.mapred.LocalJobRunner - 
2020-04-12 16:06:51,616 [Thread-3] INFO  org.apache.hadoop.mapred.Task - Task attempt_local_0001_r_000000_0 is allowed to commit now
2020-04-12 16:06:51,617 [Thread-3] INFO  org.apache.hadoop.mapreduce.lib.output.FileOutputCommitter - Saved output of task 'attempt_local_0001_r_000000_0' to file:/tmp/temp-1123640122/tmp617657752
2020-04-12 16:06:51,618 [Thread-3] INFO  org.apache.hadoop.mapreduce.lib.output.FileOutputCommitter - Saved output of task 'attempt_local_0001_r_000000_0' to file:/tmp/temp-1123640122/tmp2046470679
2020-04-12 16:06:51,619 [Thread-3] INFO  org.apache.hadoop.mapreduce.lib.output.FileOutputCommitter - Saved output of task 'attempt_local_0001_r_000000_0' to file:/tmp/temp-1123640122/tmp1285763863
2020-04-12 16:06:51,679 [main] INFO  org.apache.pig.backend.hadoop.executionengine.mapReduceLayer.MapReduceLauncher - 12% complete
2020-04-12 16:06:51,679 [main] INFO  org.apache.pig.backend.hadoop.executionengine.mapReduceLayer.MapReduceLauncher - Running jobs are [job_local_0001]
2020-04-12 16:06:54,540 [communication thread] INFO  org.apache.hadoop.mapred.LocalJobRunner - reduce > reduce
2020-04-12 16:06:54,541 [Thread-3] INFO  org.apache.hadoop.mapred.LocalJobRunner - reduce > reduce
2020-04-12 16:06:54,541 [Thread-3] INFO  org.apache.hadoop.mapred.Task - Task 'attempt_local_0001_r_000000_0' done.
2020-04-12 16:06:54,680 [main] INFO  org.apache.pig.backend.hadoop.executionengine.mapReduceLayer.MapReduceLauncher - 25% complete
2020-04-12 16:06:54,686 [main] INFO  org.apache.pig.tools.pigstats.mapreduce.MRScriptState - Pig script settings are added to the job
2020-04-12 16:06:54,686 [main] INFO  org.apache.pig.backend.hadoop.executionengine.mapReduceLayer.JobControlCompiler - mapred.job.reduce.markreset.buffer.percent is not set, set to default 0.3
2020-04-12 16:06:54,687 [main] INFO  org.apache.pig.backend.hadoop.executionengine.mapReduceLayer.JobControlCompiler - Reduce phase detected, estimating # of required reducers.
2020-04-12 16:06:54,687 [main] INFO  org.apache.pig.backend.hadoop.executionengine.mapReduceLayer.JobControlCompiler - Setting Parallelism to 1
2020-04-12 16:06:54,688 [main] INFO  org.apache.pig.backend.hadoop.executionengine.mapReduceLayer.JobControlCompiler - Setting up single store job
2020-04-12 16:06:54,694 [main] INFO  org.apache.pig.backend.hadoop.executionengine.mapReduceLayer.MapReduceLauncher - 1 map-reduce job(s) waiting for submission.
2020-04-12 16:06:54,721 [JobControl] WARN  org.apache.hadoop.mapred.JobClient - No job jar file set.  User classes may not be found. See JobConf(Class) or JobConf#setJar(String).
2020-04-12 16:06:54,728 [JobControl] INFO  org.apache.hadoop.mapreduce.lib.input.FileInputFormat - Total input paths to process : 1
2020-04-12 16:06:54,728 [JobControl] INFO  org.apache.pig.backend.hadoop.executionengine.util.MapRedUtil - Total input paths to process : 1
2020-04-12 16:06:54,729 [JobControl] INFO  org.apache.pig.backend.hadoop.executionengine.util.MapRedUtil - Total input paths (combined) to process : 1
2020-04-12 16:06:54,729 [JobControl] INFO  org.apache.hadoop.mapreduce.lib.input.FileInputFormat - Total input paths to process : 1
2020-04-12 16:06:54,729 [JobControl] INFO  org.apache.pig.backend.hadoop.executionengine.util.MapRedUtil - Total input paths to process : 1
2020-04-12 16:06:54,730 [JobControl] INFO  org.apache.pig.backend.hadoop.executionengine.util.MapRedUtil - Total input paths (combined) to process : 1
2020-04-12 16:06:54,730 [JobControl] INFO  org.apache.hadoop.mapreduce.lib.input.FileInputFormat - Total input paths to process : 1
2020-04-12 16:06:54,730 [JobControl] INFO  org.apache.pig.backend.hadoop.executionengine.util.MapRedUtil - Total input paths to process : 1
2020-04-12 16:06:54,731 [JobControl] INFO  org.apache.pig.backend.hadoop.executionengine.util.MapRedUtil - Total input paths (combined) to process : 1
2020-04-12 16:06:54,801 [Thread-9] INFO  org.apache.hadoop.mapred.Task -  Using ResourceCalculatorPlugin : org.apache.hadoop.util.LinuxResourceCalculatorPlugin@21869e21
2020-04-12 16:06:54,805 [Thread-9] INFO  org.apache.pig.backend.hadoop.executionengine.mapReduceLayer.PigRecordReader - Current split being processed file:/tmp/temp-1123640122/tmp1285763863/part-r-00000:0+832
2020-04-12 16:06:54,805 [Thread-9] INFO  org.apache.hadoop.mapred.MapTask - io.sort.mb = 100
2020-04-12 16:06:54,860 [Thread-9] INFO  org.apache.hadoop.mapred.MapTask - data buffer = 79691776/99614720
2020-04-12 16:06:54,860 [Thread-9] INFO  org.apache.hadoop.mapred.MapTask - record buffer = 262144/327680
2020-04-12 16:06:54,872 [Thread-9] INFO  org.apache.pig.impl.util.SpillableMemoryManager - Selected heap (Tenured Gen) of size 699072512 to monitor. collectionUsageThreshold = 489350752, usageThreshold = 489350752
2020-04-12 16:06:54,872 [Thread-9] WARN  org.apache.pig.data.SchemaTupleBackend - SchemaTupleBackend has already been initialized
2020-04-12 16:06:54,875 [Thread-9] INFO  org.apache.pig.backend.hadoop.executionengine.mapReduceLayer.PigGenericMapReduce$Map - Aliases being processed per job phase (AliasName[line,offset]): M: uni[8,6],res[9,6] C:  R: out1[10,7]
2020-04-12 16:06:54,877 [Thread-9] INFO  org.apache.hadoop.mapred.MapTask - Starting flush of map output
2020-04-12 16:06:54,887 [Thread-9] INFO  org.apache.hadoop.mapred.MapTask - Finished spill 0
2020-04-12 16:06:54,890 [Thread-9] INFO  org.apache.hadoop.mapred.Task - Task:attempt_local_0002_m_000000_0 is done. And is in the process of commiting
2020-04-12 16:06:55,220 [main] INFO  org.apache.pig.backend.hadoop.executionengine.mapReduceLayer.MapReduceLauncher - HadoopJobId: job_local_0002
2020-04-12 16:06:55,220 [main] INFO  org.apache.pig.backend.hadoop.executionengine.mapReduceLayer.MapReduceLauncher - Processing aliases out1,res,uni
2020-04-12 16:06:55,220 [main] INFO  org.apache.pig.backend.hadoop.executionengine.mapReduceLayer.MapReduceLauncher - detailed locations: M: uni[8,6],res[9,6] C:  R: out1[10,7]
2020-04-12 16:06:57,844 [Thread-9] INFO  org.apache.hadoop.mapred.LocalJobRunner - 
2020-04-12 16:06:57,844 [Thread-9] INFO  org.apache.hadoop.mapred.Task - Task 'attempt_local_0002_m_000000_0' done.
2020-04-12 16:06:57,848 [Thread-9] INFO  org.apache.hadoop.mapred.Task -  Using ResourceCalculatorPlugin : org.apache.hadoop.util.LinuxResourceCalculatorPlugin@501c72d5
2020-04-12 16:06:57,850 [Thread-9] INFO  org.apache.pig.backend.hadoop.executionengine.mapReduceLayer.PigRecordReader - Current split being processed file:/tmp/temp-1123640122/tmp2046470679/part-r-00000:0+815
2020-04-12 16:06:57,850 [Thread-9] INFO  org.apache.hadoop.mapred.MapTask - io.sort.mb = 100
2020-04-12 16:06:57,902 [Thread-9] INFO  org.apache.hadoop.mapred.MapTask - data buffer = 79691776/99614720
2020-04-12 16:06:57,903 [Thread-9] INFO  org.apache.hadoop.mapred.MapTask - record buffer = 262144/327680
2020-04-12 16:06:57,904 [Thread-9] INFO  org.apache.pig.impl.util.SpillableMemoryManager - Selected heap (Tenured Gen) of size 699072512 to monitor. collectionUsageThreshold = 489350752, usageThreshold = 489350752
2020-04-12 16:06:57,904 [Thread-9] WARN  org.apache.pig.data.SchemaTupleBackend - SchemaTupleBackend has already been initialized
2020-04-12 16:06:57,908 [Thread-9] INFO  org.apache.pig.backend.hadoop.executionengine.mapReduceLayer.PigGenericMapReduce$Map - Aliases being processed per job phase (AliasName[line,offset]): M: uni[8,6],res[9,6] C:  R: out1[10,7]
2020-04-12 16:06:57,920 [Thread-9] INFO  org.apache.hadoop.mapred.MapTask - Starting flush of map output
2020-04-12 16:06:57,921 [Thread-9] INFO  org.apache.hadoop.mapred.MapTask - Finished spill 0
2020-04-12 16:06:57,922 [Thread-9] INFO  org.apache.hadoop.mapred.Task - Task:attempt_local_0002_m_000001_0 is done. And is in the process of commiting
2020-04-12 16:06:58,222 [main] INFO  org.apache.pig.backend.hadoop.executionengine.mapReduceLayer.MapReduceLauncher - 37% complete
2020-04-12 16:06:58,222 [main] INFO  org.apache.pig.backend.hadoop.executionengine.mapReduceLayer.MapReduceLauncher - Running jobs are [job_local_0002]
2020-04-12 16:07:00,882 [Thread-9] INFO  org.apache.hadoop.mapred.LocalJobRunner - 
2020-04-12 16:07:00,883 [Thread-9] INFO  org.apache.hadoop.mapred.Task - Task 'attempt_local_0002_m_000001_0' done.
2020-04-12 16:07:00,885 [Thread-9] INFO  org.apache.hadoop.mapred.Task -  Using ResourceCalculatorPlugin : org.apache.hadoop.util.LinuxResourceCalculatorPlugin@15803b15
2020-04-12 16:07:00,886 [Thread-9] INFO  org.apache.pig.backend.hadoop.executionengine.mapReduceLayer.PigRecordReader - Current split being processed file:/tmp/temp-1123640122/tmp617657752/part-r-00000:0+740
2020-04-12 16:07:00,887 [Thread-9] INFO  org.apache.hadoop.mapred.MapTask - io.sort.mb = 100
2020-04-12 16:07:00,941 [Thread-9] INFO  org.apache.hadoop.mapred.MapTask - data buffer = 79691776/99614720
2020-04-12 16:07:00,941 [Thread-9] INFO  org.apache.hadoop.mapred.MapTask - record buffer = 262144/327680
2020-04-12 16:07:00,943 [Thread-9] INFO  org.apache.pig.impl.util.SpillableMemoryManager - Selected heap (Tenured Gen) of size 699072512 to monitor. collectionUsageThreshold = 489350752, usageThreshold = 489350752
2020-04-12 16:07:00,943 [Thread-9] WARN  org.apache.pig.data.SchemaTupleBackend - SchemaTupleBackend has already been initialized
2020-04-12 16:07:00,945 [Thread-9] INFO  org.apache.pig.backend.hadoop.executionengine.mapReduceLayer.PigGenericMapReduce$Map - Aliases being processed per job phase (AliasName[line,offset]): M: uni[8,6],res[9,6] C:  R: out1[10,7]
2020-04-12 16:07:00,961 [Thread-9] INFO  org.apache.hadoop.mapred.MapTask - Starting flush of map output
2020-04-12 16:07:00,962 [Thread-9] INFO  org.apache.hadoop.mapred.MapTask - Finished spill 0
2020-04-12 16:07:00,965 [Thread-9] INFO  org.apache.hadoop.mapred.Task - Task:attempt_local_0002_m_000002_0 is done. And is in the process of commiting
2020-04-12 16:07:03,926 [Thread-9] INFO  org.apache.hadoop.mapred.LocalJobRunner - 
2020-04-12 16:07:03,926 [Thread-9] INFO  org.apache.hadoop.mapred.Task - Task 'attempt_local_0002_m_000002_0' done.
2020-04-12 16:07:03,934 [Thread-9] INFO  org.apache.hadoop.mapred.Task -  Using ResourceCalculatorPlugin : org.apache.hadoop.util.LinuxResourceCalculatorPlugin@36dda73d
2020-04-12 16:07:03,934 [Thread-9] INFO  org.apache.hadoop.mapred.LocalJobRunner - 
2020-04-12 16:07:03,935 [Thread-9] INFO  org.apache.hadoop.mapred.Merger - Merging 3 sorted segments
2020-04-12 16:07:03,935 [Thread-9] INFO  org.apache.hadoop.mapred.Merger - Down to the last merge-pass, with 3 segments left of total size: 4199 bytes
2020-04-12 16:07:03,935 [Thread-9] INFO  org.apache.hadoop.mapred.LocalJobRunner - 
2020-04-12 16:07:03,937 [Thread-9] INFO  org.apache.pig.impl.util.SpillableMemoryManager - Selected heap (Tenured Gen) of size 699072512 to monitor. collectionUsageThreshold = 489350752, usageThreshold = 489350752
2020-04-12 16:07:03,937 [Thread-9] WARN  org.apache.pig.data.SchemaTupleBackend - SchemaTupleBackend has already been initialized
2020-04-12 16:07:03,939 [Thread-9] INFO  org.apache.pig.backend.hadoop.executionengine.mapReduceLayer.PigMapReduce$Reduce - Aliases being processed per job phase (AliasName[line,offset]): M: uni[8,6],res[9,6] C:  R: out1[10,7]
2020-04-12 16:07:03,951 [Thread-9] INFO  org.apache.hadoop.mapred.Task - Task:attempt_local_0002_r_000000_0 is done. And is in the process of commiting
2020-04-12 16:07:03,952 [Thread-9] INFO  org.apache.hadoop.mapred.LocalJobRunner - 
2020-04-12 16:07:03,952 [Thread-9] INFO  org.apache.hadoop.mapred.Task - Task attempt_local_0002_r_000000_0 is allowed to commit now
2020-04-12 16:07:03,953 [Thread-9] INFO  org.apache.hadoop.mapreduce.lib.output.FileOutputCommitter - Saved output of task 'attempt_local_0002_r_000000_0' to file:/tmp/temp-1123640122/tmp1712417070
2020-04-12 16:07:03,955 [Thread-9] INFO  org.apache.hadoop.mapred.LocalJobRunner - reduce > reduce
2020-04-12 16:07:03,957 [Thread-9] INFO  org.apache.hadoop.mapred.Task - Task 'attempt_local_0002_r_000000_0' done.
2020-04-12 16:07:04,223 [main] INFO  org.apache.pig.backend.hadoop.executionengine.mapReduceLayer.MapReduceLauncher - 50% complete
2020-04-12 16:07:04,224 [main] INFO  org.apache.pig.tools.pigstats.mapreduce.MRScriptState - Pig script settings are added to the job
2020-04-12 16:07:04,225 [main] INFO  org.apache.pig.backend.hadoop.executionengine.mapReduceLayer.JobControlCompiler - mapred.job.reduce.markreset.buffer.percent is not set, set to default 0.3
2020-04-12 16:07:04,225 [main] INFO  org.apache.pig.backend.hadoop.executionengine.mapReduceLayer.JobControlCompiler - Reduce phase detected, estimating # of required reducers.
2020-04-12 16:07:04,225 [main] INFO  org.apache.pig.backend.hadoop.executionengine.mapReduceLayer.JobControlCompiler - Using reducer estimator: org.apache.pig.backend.hadoop.executionengine.mapReduceLayer.InputSizeReducerEstimator
2020-04-12 16:07:04,226 [main] INFO  org.apache.pig.backend.hadoop.executionengine.mapReduceLayer.InputSizeReducerEstimator - BytesPerReducer=1000000000 maxReducers=999 totalInputFileSize=2387
2020-04-12 16:07:04,226 [main] INFO  org.apache.pig.backend.hadoop.executionengine.mapReduceLayer.JobControlCompiler - Setting Parallelism to 1
2020-04-12 16:07:04,227 [main] INFO  org.apache.pig.backend.hadoop.executionengine.mapReduceLayer.JobControlCompiler - Setting up single store job
2020-04-12 16:07:04,244 [main] INFO  org.apache.pig.backend.hadoop.executionengine.mapReduceLayer.MapReduceLauncher - 1 map-reduce job(s) waiting for submission.
2020-04-12 16:07:04,264 [JobControl] WARN  org.apache.hadoop.mapred.JobClient - No job jar file set.  User classes may not be found. See JobConf(Class) or JobConf#setJar(String).
2020-04-12 16:07:04,273 [JobControl] INFO  org.apache.hadoop.mapreduce.lib.input.FileInputFormat - Total input paths to process : 1
2020-04-12 16:07:04,273 [JobControl] INFO  org.apache.pig.backend.hadoop.executionengine.util.MapRedUtil - Total input paths to process : 1
2020-04-12 16:07:04,273 [JobControl] INFO  org.apache.pig.backend.hadoop.executionengine.util.MapRedUtil - Total input paths (combined) to process : 1
2020-04-12 16:07:04,341 [Thread-14] INFO  org.apache.hadoop.mapred.Task -  Using ResourceCalculatorPlugin : org.apache.hadoop.util.LinuxResourceCalculatorPlugin@7268db03
2020-04-12 16:07:04,343 [Thread-14] INFO  org.apache.pig.backend.hadoop.executionengine.mapReduceLayer.PigRecordReader - Current split being processed file:/tmp/temp-1123640122/tmp1712417070/part-r-00000:0+2387
2020-04-12 16:07:04,343 [Thread-14] INFO  org.apache.hadoop.mapred.MapTask - io.sort.mb = 100
2020-04-12 16:07:04,463 [Thread-14] INFO  org.apache.hadoop.mapred.MapTask - data buffer = 79691776/99614720
2020-04-12 16:07:04,463 [Thread-14] INFO  org.apache.hadoop.mapred.MapTask - record buffer = 262144/327680
2020-04-12 16:07:04,479 [Thread-14] INFO  org.apache.pig.impl.util.SpillableMemoryManager - Selected heap (Tenured Gen) of size 699072512 to monitor. collectionUsageThreshold = 489350752, usageThreshold = 489350752
2020-04-12 16:07:04,480 [Thread-14] WARN  org.apache.pig.data.SchemaTupleBackend - SchemaTupleBackend has already been initialized
2020-04-12 16:07:04,481 [Thread-14] INFO  org.apache.pig.backend.hadoop.executionengine.mapReduceLayer.PigGenericMapReduce$Map - Aliases being processed per job phase (AliasName[line,offset]): M: out1[11,7] C:  R: 
2020-04-12 16:07:04,487 [Thread-14] INFO  org.apache.hadoop.mapred.MapTask - Starting flush of map output
2020-04-12 16:07:04,489 [Thread-14] INFO  org.apache.hadoop.mapred.MapTask - Finished spill 0
2020-04-12 16:07:04,495 [Thread-14] INFO  org.apache.hadoop.mapred.Task - Task:attempt_local_0003_m_000000_0 is done. And is in the process of commiting
2020-04-12 16:07:04,761 [main] INFO  org.apache.pig.backend.hadoop.executionengine.mapReduceLayer.MapReduceLauncher - HadoopJobId: job_local_0003
2020-04-12 16:07:04,762 [main] INFO  org.apache.pig.backend.hadoop.executionengine.mapReduceLayer.MapReduceLauncher - Processing aliases out1
2020-04-12 16:07:04,762 [main] INFO  org.apache.pig.backend.hadoop.executionengine.mapReduceLayer.MapReduceLauncher - detailed locations: M: out1[11,7] C:  R: 
2020-04-12 16:07:07,400 [Thread-14] INFO  org.apache.hadoop.mapred.LocalJobRunner - 
2020-04-12 16:07:07,400 [Thread-14] INFO  org.apache.hadoop.mapred.Task - Task 'attempt_local_0003_m_000000_0' done.
2020-04-12 16:07:07,403 [Thread-14] INFO  org.apache.hadoop.mapred.Task -  Using ResourceCalculatorPlugin : org.apache.hadoop.util.LinuxResourceCalculatorPlugin@577c3c25
2020-04-12 16:07:07,403 [Thread-14] INFO  org.apache.hadoop.mapred.LocalJobRunner - 
2020-04-12 16:07:07,403 [Thread-14] INFO  org.apache.hadoop.mapred.Merger - Merging 1 sorted segments
2020-04-12 16:07:07,403 [Thread-14] INFO  org.apache.hadoop.mapred.Merger - Down to the last merge-pass, with 1 segments left of total size: 1744 bytes
2020-04-12 16:07:07,403 [Thread-14] INFO  org.apache.hadoop.mapred.LocalJobRunner - 
2020-04-12 16:07:07,405 [Thread-14] INFO  org.apache.pig.impl.util.SpillableMemoryManager - Selected heap (Tenured Gen) of size 699072512 to monitor. collectionUsageThreshold = 489350752, usageThreshold = 489350752
2020-04-12 16:07:07,405 [Thread-14] WARN  org.apache.pig.data.SchemaTupleBackend - SchemaTupleBackend has already been initialized
2020-04-12 16:07:07,407 [Thread-14] INFO  org.apache.pig.backend.hadoop.executionengine.mapReduceLayer.PigMapReduce$Reduce - Aliases being processed per job phase (AliasName[line,offset]): M: out1[11,7] C:  R: 
2020-04-12 16:07:07,417 [Thread-14] INFO  org.apache.hadoop.mapred.Task - Task:attempt_local_0003_r_000000_0 is done. And is in the process of commiting
2020-04-12 16:07:07,418 [Thread-14] INFO  org.apache.hadoop.mapred.LocalJobRunner - 
2020-04-12 16:07:07,418 [Thread-14] INFO  org.apache.hadoop.mapred.Task - Task attempt_local_0003_r_000000_0 is allowed to commit now
2020-04-12 16:07:07,418 [Thread-14] INFO  org.apache.hadoop.mapreduce.lib.output.FileOutputCommitter - Saved output of task 'attempt_local_0003_r_000000_0' to file:/tmp/temp-1123640122/tmp-722408651
2020-04-12 16:07:07,421 [Thread-14] INFO  org.apache.hadoop.mapred.LocalJobRunner - reduce > reduce
2020-04-12 16:07:07,422 [Thread-14] INFO  org.apache.hadoop.mapred.Task - Task 'attempt_local_0003_r_000000_0' done.
2020-04-12 16:07:07,763 [main] INFO  org.apache.pig.backend.hadoop.executionengine.mapReduceLayer.MapReduceLauncher - 75% complete
2020-04-12 16:07:07,764 [main] INFO  org.apache.pig.tools.pigstats.mapreduce.MRScriptState - Pig script settings are added to the job
2020-04-12 16:07:07,764 [main] INFO  org.apache.pig.backend.hadoop.executionengine.mapReduceLayer.JobControlCompiler - mapred.job.reduce.markreset.buffer.percent is not set, set to default 0.3
2020-04-12 16:07:07,764 [main] INFO  org.apache.pig.backend.hadoop.executionengine.mapReduceLayer.JobControlCompiler - Reduce phase detected, estimating # of required reducers.
2020-04-12 16:07:07,764 [main] INFO  org.apache.pig.backend.hadoop.executionengine.mapReduceLayer.JobControlCompiler - Setting Parallelism to 1
2020-04-12 16:07:07,765 [main] INFO  org.apache.pig.backend.hadoop.executionengine.mapReduceLayer.JobControlCompiler - Setting up single store job
2020-04-12 16:07:07,787 [main] INFO  org.apache.pig.backend.hadoop.executionengine.mapReduceLayer.MapReduceLauncher - 1 map-reduce job(s) waiting for submission.
2020-04-12 16:07:07,790 [JobControl] WARN  org.apache.hadoop.mapred.JobClient - No job jar file set.  User classes may not be found. See JobConf(Class) or JobConf#setJar(String).
2020-04-12 16:07:07,809 [JobControl] INFO  org.apache.hadoop.mapreduce.lib.input.FileInputFormat - Total input paths to process : 1
2020-04-12 16:07:07,809 [JobControl] INFO  org.apache.pig.backend.hadoop.executionengine.util.MapRedUtil - Total input paths to process : 1
2020-04-12 16:07:07,809 [JobControl] INFO  org.apache.pig.backend.hadoop.executionengine.util.MapRedUtil - Total input paths (combined) to process : 1
2020-04-12 16:07:07,871 [Thread-17] INFO  org.apache.hadoop.mapred.Task -  Using ResourceCalculatorPlugin : org.apache.hadoop.util.LinuxResourceCalculatorPlugin@2515f010
2020-04-12 16:07:07,873 [Thread-17] INFO  org.apache.pig.backend.hadoop.executionengine.mapReduceLayer.PigRecordReader - Current split being processed file:/tmp/temp-1123640122/tmp1712417070/part-r-00000:0+2387
2020-04-12 16:07:07,873 [Thread-17] INFO  org.apache.hadoop.mapred.MapTask - io.sort.mb = 100
2020-04-12 16:07:07,980 [Thread-17] INFO  org.apache.hadoop.mapred.MapTask - data buffer = 79691776/99614720
2020-04-12 16:07:07,980 [Thread-17] INFO  org.apache.hadoop.mapred.MapTask - record buffer = 262144/327680
2020-04-12 16:07:07,996 [Thread-17] INFO  org.apache.pig.impl.util.SpillableMemoryManager - Selected heap (Tenured Gen) of size 699072512 to monitor. collectionUsageThreshold = 489350752, usageThreshold = 489350752
2020-04-12 16:07:07,997 [Thread-17] WARN  org.apache.pig.data.SchemaTupleBackend - SchemaTupleBackend has already been initialized
2020-04-12 16:07:07,997 [Thread-17] INFO  org.apache.pig.backend.hadoop.executionengine.mapReduceLayer.PigGenericMapReduce$Map - Aliases being processed per job phase (AliasName[line,offset]): M: out1[11,7] C:  R: 
2020-04-12 16:07:07,998 [Thread-17] WARN  org.apache.pig.data.SchemaTupleBackend - SchemaTupleBackend has already been initialized
2020-04-12 16:07:08,001 [Thread-17] INFO  org.apache.hadoop.mapreduce.lib.input.FileInputFormat - Total input paths to process : 1
2020-04-12 16:07:08,001 [Thread-17] INFO  org.apache.pig.backend.hadoop.executionengine.util.MapRedUtil - Total input paths to process : 1
2020-04-12 16:07:08,008 [Thread-17] INFO  org.apache.hadoop.mapred.MapTask - Starting flush of map output
2020-04-12 16:07:08,012 [Thread-17] INFO  org.apache.hadoop.mapred.MapTask - Finished spill 0
2020-04-12 16:07:08,013 [Thread-17] INFO  org.apache.hadoop.mapred.Task - Task:attempt_local_0004_m_000000_0 is done. And is in the process of commiting
2020-04-12 16:07:08,288 [main] INFO  org.apache.pig.backend.hadoop.executionengine.mapReduceLayer.MapReduceLauncher - HadoopJobId: job_local_0004
2020-04-12 16:07:08,288 [main] INFO  org.apache.pig.backend.hadoop.executionengine.mapReduceLayer.MapReduceLauncher - Processing aliases out1
2020-04-12 16:07:08,288 [main] INFO  org.apache.pig.backend.hadoop.executionengine.mapReduceLayer.MapReduceLauncher - detailed locations: M: out1[11,7] C:  R: 
2020-04-12 16:07:10,933 [Thread-17] INFO  org.apache.hadoop.mapred.LocalJobRunner - 
2020-04-12 16:07:10,933 [Thread-17] INFO  org.apache.hadoop.mapred.Task - Task 'attempt_local_0004_m_000000_0' done.
2020-04-12 16:07:10,937 [Thread-17] INFO  org.apache.hadoop.mapred.Task -  Using ResourceCalculatorPlugin : org.apache.hadoop.util.LinuxResourceCalculatorPlugin@22a8578b
2020-04-12 16:07:10,937 [Thread-17] INFO  org.apache.hadoop.mapred.LocalJobRunner - 
2020-04-12 16:07:10,938 [Thread-17] INFO  org.apache.hadoop.mapred.Merger - Merging 1 sorted segments
2020-04-12 16:07:10,938 [Thread-17] INFO  org.apache.hadoop.mapred.Merger - Down to the last merge-pass, with 1 segments left of total size: 3765 bytes
2020-04-12 16:07:10,938 [Thread-17] INFO  org.apache.hadoop.maprerocess : 1
2020-04-12 16:07:09,528 [JobControl] INFO  org.apache.pig.backend.hadoop.executionengine.util.MapRedUtil - Total input paths (combined) to process : 1
2020-04-12 16:07:09,594 [Thread-17] INFO  org.apache.hadoop.mapred.Task -  Using ResourceCalculatorPlugin : org.apache.hadoop.util.LinuxResourceCalculatorPlugin@47e831bf
2020-04-12 16:07:09,596 [Thread-17] INFO  org.apache.pig.backend.hadoop.executionengine.mapReduceLayer.PigRecordReader - Current split being processed file:/tmp/temp-745769670/tmp-1229942043/part-r-00000:0+2387
2020-04-12 16:07:09,596 [Thread-17] INFO  org.apache.hadoop.mapred.MapTask - io.sort.mb = 100
2020-04-12 16:07:09,695 [Thread-17] INFO  org.apache.hadoop.mapred.MapTask - data buffer = 79691776/99614720
2020-04-12 16:07:09,696 [Thread-17] INFO  org.apache.hadoop.mapred.MapTask - record buffer = 262144/327680
2020-04-12 16:07:09,712 [Thread-17] INFO  org.apache.pig.impl.util.SpillableMemoryManager - Selected heap (Tenured Gen) of size 699072512 to monitor. collectionUsageThreshold = 489350752, usageThreshold = 489350752
2020-04-12 16:07:09,712 [Thread-17] WARN  org.apache.pig.data.SchemaTupleBackend - SchemaTupleBackend has already been initialized
2020-04-12 16:07:09,713 [Thread-17] INFO  org.apache.pig.backend.hadoop.executionengine.mapReduceLayer.PigGenericMapReduce$Map - Aliases being processed per job phase (AliasName[line,offset]): M: out1[11,7] C:  R: 
2020-04-12 16:07:09,714 [Thread-17] WARN  org.apache.pig.data.SchemaTupleBackend - SchemaTupleBackend has already been initialized
2020-04-12 16:07:09,715 [Thread-17] INFO  org.apache.hadoop.mapreduce.lib.input.FileInputFormat - Total input paths to process : 1
2020-04-12 16:07:09,715 [Thread-17] INFO  org.apache.pig.backend.hadoop.executionengine.util.MapRedUtil - Total input paths to process : 1
2020-04-12 16:07:09,719 [Thread-17] INFO  org.apache.hadoop.mapred.MapTask - Starting flush of map output
2020-04-12 16:07:09,722 [Thread-17] INFO  org.apache.hadoop.mapred.MapTask - Finished spill 0
2020-04-12 16:07:09,723 [Thread-17] INFO  org.apache.hadoop.mapred.Task - Task:attempt_local_0004_m_000000_0 is done. And is in the process of commiting
2020-04-12 16:07:10,004 [main] INFO  org.apache.pig.backend.hadoop.executionengine.mapReduceLayer.MapReduceLauncher - HadoopJobId: job_local_0004
2020-04-12 16:07:10,004 [main] INFO  org.apache.pig.backend.hadoop.executionengine.mapReduceLayer.MapReduceLauncher - Processing aliases out1
2020-04-12 16:07:10,004 [main] INFO  org.apache.pig.backend.hadoop.executionengine.mapReduceLayer.MapReduceLauncher - detailed locations: M: out1[11,7] C:  R: 
2020-04-12 16:07:12,631 [Thread-17] INFO  org.apache.hadoop.mapred.LocalJobRunner - 
2020-04-12 16:07:12,631 [Thread-17] INFO  org.apache.hadoop.mapred.Task - Task 'attempt_local_0004_m_000000_0' done.
2020-04-12 16:07:12,640 [Thread-17] INFO  org.apache.hadoop.mapred.Task -  Using ResourceCalculatorPlugin : org.apache.hadoop.util.LinuxResourceCalculatorPlugin@42e009b2
2020-04-12 16:07:12,640 [Thread-17] INFO  org.apache.hadoop.mapred.LocalJobRunner - 
2020-04-12 16:07:12,640 [Thread-17] INFO  org.apache.hadoop.mapred.Merger - Merging 1 sorted segments
2020-04-12 16:07:12,641 [Thread-17] INFO  org.apache.hadoop.mapred.Merger - Down to the last merge-pass, with 1 segments left of total size: 3765 bytes
2020-04-12 16:07:12,641 [Thread-17] INFO  org.apache.hadoop.mapred.LocalJobRunner - 
2020-04-12 16:07:12,657 [Thread-17] INFO  org.apache.pig.impl.util.SpillableMemoryManager - Selected heap (Tenured Gen) of size 699072512 to monitor. collectionUsageThreshold = 489350752, usageThreshold = 489350752
2020-04-12 16:07:12,658 [Thread-17] WARN  org.apache.pig.data.SchemaTupleBackend - SchemaTupleBackend has already been initialized
2020-04-12 16:07:12,660 [Thread-17] INFO  org.apache.pig.backend.hadoop.executionengine.mapReduceLayer.PigMapReduce$Reduce - Aliases being processed per job phase (AliasName[line,offset]): M: out1[11,7] C:  R: 
2020-04-12 16:07:12,680 [Thread-17] INFO  org.apache.hadoop.mapred.Task - Task:attempt_local_0004_r_000000_0 is done. And is in the process of commiting
2020-04-12 16:07:12,681 [Thread-17] INFO  org.apache.hadoop.mapred.LocalJobRunner - 
2020-04-12 16:07:12,681 [Thread-17] INFO  org.apache.hadoop.mapred.Task - Task attempt_local_0004_r_000000_0 is allowed to commit now
2020-04-12 16:07:12,696 [Thread-17] INFO  org.apache.hadoop.mapreduce.lib.output.FileOutputCommitter - Saved output of task 'attempt_local_0004_r_000000_0' to file:/home/mxv6938/project6/output
2020-04-12 16:07:13,007 [main] INFO  org.apache.pig.backend.hadoop.executionengine.mapReduceLayer.MapReduceLauncher - 87% complete
2020-04-12 16:07:13,007 [main] INFO  org.apache.pig.backend.hadoop.executionengine.mapReduceLayer.MapReduceLauncher - Running jobs are [job_local_0004]
2020-04-12 16:07:15,648 [Thread-17] INFO  org.apache.hadoop.mapred.LocalJobRunner - reduce > reduce
2020-04-12 16:07:15,648 [Thread-17] INFO  org.apache.hadoop.mapred.Task - Task 'attempt_local_0004_r_000000_0' done.
2020-04-12 16:07:16,010 [main] INFO  org.apache.pig.backend.hadoop.executionengine.mapReduceLayer.MapReduceLauncher - 100% complete
2020-04-12 16:07:16,013 [main] INFO  org.apache.pig.tools.pigstats.mapreduce.SimplePigStats - Script Statistics: 

HadoopVersion	PigVersion	UserId	StartedAt	FinishedAt	Features
1.0.4	0.16.0	mxv6938	2020-04-12 16:06:49	2020-04-12 16:07:16	GROUP_BY,ORDER_BY,UNION

Success!

Job Stats (time in seconds):
JobId	Maps	Reduces	MaxMapTime	MinMapTime	AvgMapTime	MedianMapTime	MaxReduceTime	MinReduceTime	AvgReduceTime	MedianReducetime	Alias	Feature	Outputs
job_local_0001	1	1	n/a	n/a	n/a	n/a	n/a	n/a	n/a	n/a	Histogram,group_blue,group_green,group_red,o_blue,o_green,o_red	MULTI_QUERY,COMBINER	
job_local_0002	1	1	n/a	n/a	n/a	n/a	n/a	n/a	n/a	n/a	out1,res,uni	GROUP_BY	
job_local_0003	1	1	n/a	n/a	n/a	n/a	n/a	n/a	n/a	n/a	out1	SAMPLER	
job_local_0004	1	1	n/a	n/a	n/a	n/a	n/a	n/a	n/a	n/a	out1	ORDER_BY	file:///home/mxv6938/project6/output,

Input(s):
Successfully read 100 records from: "file:///home/mxv6938/project6/pixels-small.txt"

Output(s):
Successfully stored 258 records in: "file:///home/mxv6938/project6/output"

Counters:
Total records written : 258
Total bytes written : 0
Spillable Memory Manager spill count : 0
Total bags proactively spilled: 0
Total records proactively spilled: 0

Job DAG:
job_local_0001	->	job_local_0002,
job_local_0002	->	job_local_0003,
job_local_0003	->	job_local_0004,
job_local_0004


2020-04-12 16:07:16,017 [main] INFO  org.apache.pig.backend.hadoop.executionengine.mapReduceLayer.MapReduceLauncher - Success!
2020-04-12 16:07:16,042 [main] INFO  org.apache.pig.Main - Pig script completed in 28 seconds and 232 milliseconds (28232 ms)
